2026-03-24 20:42:01,377 - INFO - Starting pipeline...
2026-03-24 20:42:18,020 - INFO - Download completed
2026-03-24 20:42:18,033 - INFO - Starting data extraction...
2026-03-24 20:42:18,433 - INFO - Extraction completed.
2026-03-24 20:42:20,206 - INFO - Starting data validation...
2026-03-24 20:42:20,224 - INFO - Validation completed.
2026-03-24 20:42:20,225 - INFO - Starting data transformation...
2026-03-24 20:42:20,355 - INFO - Transformation completed.
2026-03-24 20:42:20,356 - INFO - Starting data load...
2026-03-24 20:42:22,959 - INFO - Data successfully loaded.
2026-03-24 20:42:22,959 - INFO - Pipeline finished successfully.
2026-03-25 19:19:28,551 - INFO - Starting pipeline...
2026-03-25 19:19:44,829 - INFO - Download completed
2026-03-25 19:19:44,833 - INFO - Starting data extraction...
2026-03-25 19:19:45,160 - INFO - Extraction completed.
2026-03-25 19:19:46,610 - INFO - Starting data validation...
2026-03-25 20:14:21,696 - INFO - Starting pipeline...
2026-03-25 20:14:38,881 - INFO - Download completed
2026-03-25 20:14:38,895 - INFO - Starting data extraction...
2026-03-25 20:14:39,247 - INFO - Extraction completed.
2026-03-25 20:14:40,772 - INFO - Starting data validation...
2026-03-25 20:14:42,595 - INFO - Validation completed.
2026-03-25 20:14:42,595 - INFO - Starting data transformation...
2026-03-25 20:14:42,684 - INFO - Transformation completed.
2026-03-25 20:14:42,684 - INFO - Starting data load...
2026-03-25 20:14:45,830 - INFO - Data successfully loaded.
2026-03-25 20:14:45,830 - INFO - Pipeline finished successfully.
